TN:
SF:templater.js
FN:3,(anonymous_0)
FN:4,(anonymous_1)
FN:7,h
FN:16,(anonymous_3)
FN:17,h
FN:33,(anonymous_5)
FN:39,(anonymous_6)
FN:45,(anonymous_7)
FN:66,(anonymous_8)
FN:72,(anonymous_9)
FN:78,(anonymous_10)
FN:87,(anonymous_11)
FN:97,(anonymous_12)
FN:112,(anonymous_13)
FN:116,(anonymous_14)
FN:117,(anonymous_15)
FN:157,(anonymous_16)
FNF:17
FNH:8
FNDA:1,(anonymous_0)
FNDA:1,(anonymous_1)
FNDA:0,h
FNDA:1,(anonymous_3)
FNDA:1,h
FNDA:1,(anonymous_5)
FNDA:0,(anonymous_6)
FNDA:1,(anonymous_7)
FNDA:0,(anonymous_8)
FNDA:1,(anonymous_9)
FNDA:0,(anonymous_10)
FNDA:0,(anonymous_11)
FNDA:0,(anonymous_12)
FNDA:0,(anonymous_13)
FNDA:0,(anonymous_14)
FNDA:0,(anonymous_15)
FNDA:1,(anonymous_16)
DA:3,1
DA:4,1
DA:5,1
DA:8,0
DA:14,1
DA:18,1
DA:24,1
DA:25,1
DA:26,1
DA:29,1
DA:30,1
DA:33,1
DA:34,1
DA:39,1
DA:40,0
DA:41,0
DA:42,0
DA:45,1
DA:46,1
DA:48,1
DA:49,1
DA:51,1
DA:52,0
DA:53,0
DA:56,1
DA:57,1
DA:59,0
DA:61,0
DA:62,0
DA:66,1
DA:67,0
DA:68,0
DA:69,0
DA:72,1
DA:73,1
DA:74,1
DA:75,1
DA:78,1
DA:79,0
DA:80,0
DA:83,0
DA:84,0
DA:87,1
DA:88,0
DA:89,0
DA:90,0
DA:91,0
DA:95,0
DA:97,0
DA:98,0
DA:99,0
DA:101,0
DA:105,0
DA:106,0
DA:109,0
DA:112,1
DA:113,0
DA:116,1
DA:117,0
DA:118,0
DA:120,0
DA:121,0
DA:157,1
DA:158,1
LF:64
LH:31
BRDA:34,0,0,1
BRDA:34,0,1,0
BRDA:34,0,2,0
BRDA:51,1,0,0
BRDA:51,1,1,1
BRDA:56,2,0,1
BRDA:56,2,1,0
BRDA:79,3,0,0
BRDA:79,3,1,0
BRDA:89,4,0,0
BRDA:89,4,1,0
BRDA:98,5,0,0
BRDA:98,5,1,0
BRDA:105,6,0,0
BRDA:105,6,1,0
BRF:15
BRH:3
end_of_record
